[debug] [2021-11-11T17:30:02.912Z] ----------------------------------------------------------------------
[debug] [2021-11-11T17:30:02.914Z] Command:       /usr/bin/node /usr/local/bin/firebase deploy
[debug] [2021-11-11T17:30:02.915Z] CLI Version:   9.19.0
[debug] [2021-11-11T17:30:02.915Z] Platform:      linux
[debug] [2021-11-11T17:30:02.915Z] Node Version:  v14.17.5
[debug] [2021-11-11T17:30:02.915Z] Time:          Thu Nov 11 2021 23:00:02 GMT+0530 (India Standard Time)
[debug] [2021-11-11T17:30:02.915Z] ----------------------------------------------------------------------
[debug] 
[debug] [2021-11-11T17:30:02.957Z] > command requires scopes: ["email","openid","https://www.googleapis.com/auth/cloudplatformprojects.readonly","https://www.googleapis.com/auth/firebase","https://www.googleapis.com/auth/cloud-platform"]
[debug] [2021-11-11T17:30:02.957Z] > authorizing via signed-in user (abhishekaa1112@gmail.com)
[debug] [2021-11-11T17:30:02.957Z] [iam] checking project thedojo-c5a97 for permissions ["datastore.indexes.create","datastore.indexes.delete","datastore.indexes.list","datastore.indexes.update","firebase.projects.get","firebasehosting.sites.update","firebaserules.releases.create","firebaserules.releases.update","firebaserules.rulesets.create"]
[debug] [2021-11-11T17:30:02.959Z] > refreshing access token with scopes: ["email","https://www.googleapis.com/auth/cloud-platform","https://www.googleapis.com/auth/cloudplatformprojects.readonly","https://www.googleapis.com/auth/firebase","openid"]
[debug] [2021-11-11T17:30:02.959Z] >>> HTTP REQUEST POST https://www.googleapis.com/oauth2/v3/token  
 <request body omitted>
[debug] [2021-11-11T17:30:03.405Z] <<< HTTP RESPONSE 200 {"date":"Thu, 11 Nov 2021 17:30:03 GMT","cache-control":"no-cache, no-store, max-age=0, must-revalidate","pragma":"no-cache","expires":"Mon, 01 Jan 1990 00:00:00 GMT","content-type":"application/json; charset=utf-8","vary":"X-Origin, Referer, Origin,Accept-Encoding","server":"scaffolding on HTTPServer2","x-xss-protection":"0","x-frame-options":"SAMEORIGIN","x-content-type-options":"nosniff","alt-svc":"h3=\":443\"; ma=2592000,h3-29=\":443\"; ma=2592000,h3-Q050=\":443\"; ma=2592000,h3-Q046=\":443\"; ma=2592000,h3-Q043=\":443\"; ma=2592000,quic=\":443\"; ma=2592000; v=\"46,43\"","accept-ranges":"none","transfer-encoding":"chunked"}
[debug] [2021-11-11T17:30:03.423Z] >>> HTTP REQUEST POST https://cloudresourcemanager.googleapis.com/v1/projects/thedojo-c5a97:testIamPermissions  
 {"permissions":["datastore.indexes.create","datastore.indexes.delete","datastore.indexes.list","datastore.indexes.update","firebase.projects.get","firebasehosting.sites.update","firebaserules.releases.create","firebaserules.releases.update","firebaserules.rulesets.create"]}
[debug] [2021-11-11T17:30:05.372Z] <<< HTTP RESPONSE 200 {"content-type":"application/json; charset=UTF-8","vary":"X-Origin, Referer, Origin,Accept-Encoding","date":"Thu, 11 Nov 2021 17:30:05 GMT","server":"ESF","cache-control":"private","x-xss-protection":"0","x-frame-options":"SAMEORIGIN","x-content-type-options":"nosniff","server-timing":"gfet4t7; dur=1303","alt-svc":"h3=\":443\"; ma=2592000,h3-29=\":443\"; ma=2592000,h3-Q050=\":443\"; ma=2592000,h3-Q046=\":443\"; ma=2592000,h3-Q043=\":443\"; ma=2592000,quic=\":443\"; ma=2592000; v=\"46,43\"","accept-ranges":"none","transfer-encoding":"chunked"}
[debug] [2021-11-11T17:30:05.375Z] > refreshing access token with scopes: []
[debug] [2021-11-11T17:30:05.376Z] >>> HTTP REQUEST POST https://www.googleapis.com/oauth2/v3/token  
 <request body omitted>
[debug] [2021-11-11T17:30:05.739Z] <<< HTTP RESPONSE 200 {"expires":"Mon, 01 Jan 1990 00:00:00 GMT","date":"Thu, 11 Nov 2021 17:30:05 GMT","cache-control":"no-cache, no-store, max-age=0, must-revalidate","pragma":"no-cache","content-type":"application/json; charset=utf-8","vary":"X-Origin, Referer, Origin,Accept-Encoding","server":"scaffolding on HTTPServer2","x-xss-protection":"0","x-frame-options":"SAMEORIGIN","x-content-type-options":"nosniff","alt-svc":"h3=\":443\"; ma=2592000,h3-29=\":443\"; ma=2592000,h3-Q050=\":443\"; ma=2592000,h3-Q046=\":443\"; ma=2592000,h3-Q043=\":443\"; ma=2592000,quic=\":443\"; ma=2592000; v=\"46,43\"","accept-ranges":"none","transfer-encoding":"chunked"}
[debug] [2021-11-11T17:30:05.759Z] >>> [apiv2][query] GET https://firebase.googleapis.com/v1beta1/projects/thedojo-c5a97 [none]
[debug] [2021-11-11T17:30:07.019Z] <<< [apiv2][status] GET https://firebase.googleapis.com/v1beta1/projects/thedojo-c5a97 200
[debug] [2021-11-11T17:30:07.019Z] <<< [apiv2][body] GET https://firebase.googleapis.com/v1beta1/projects/thedojo-c5a97 {"projectId":"thedojo-c5a97","projectNumber":"412092281475","displayName":"theDojo","name":"projects/thedojo-c5a97","resources":{"hostingSite":"thedojo-c5a97","storageBucket":"thedojo-c5a97.appspot.com","locationId":"us-central"},"state":"ACTIVE"}
[info] 
[info] === Deploying to 'thedojo-c5a97'...
[info] 
[info] i  deploying storage, firestore, hosting 
[debug] [2021-11-11T17:30:07.021Z] > refreshing access token with scopes: ["email","https://www.googleapis.com/auth/cloud-platform","https://www.googleapis.com/auth/cloudplatformprojects.readonly","https://www.googleapis.com/auth/firebase","openid"]
[debug] [2021-11-11T17:30:07.022Z] >>> HTTP REQUEST POST https://www.googleapis.com/oauth2/v3/token  
 <request body omitted>
[debug] [2021-11-11T17:30:07.408Z] <<< HTTP RESPONSE 200 {"cache-control":"no-cache, no-store, max-age=0, must-revalidate","pragma":"no-cache","expires":"Mon, 01 Jan 1990 00:00:00 GMT","date":"Thu, 11 Nov 2021 17:30:07 GMT","content-type":"application/json; charset=utf-8","vary":"X-Origin, Referer, Origin,Accept-Encoding","server":"scaffolding on HTTPServer2","x-xss-protection":"0","x-frame-options":"SAMEORIGIN","x-content-type-options":"nosniff","alt-svc":"h3=\":443\"; ma=2592000,h3-29=\":443\"; ma=2592000,h3-Q050=\":443\"; ma=2592000,h3-Q046=\":443\"; ma=2592000,h3-Q043=\":443\"; ma=2592000,quic=\":443\"; ma=2592000; v=\"46,43\"","accept-ranges":"none","transfer-encoding":"chunked"}
[debug] [2021-11-11T17:30:07.416Z] >>> HTTP REQUEST GET https://appengine.googleapis.com/v1/apps/thedojo-c5a97  
 
[debug] [2021-11-11T17:30:08.856Z] <<< HTTP RESPONSE 200 {"content-type":"application/json; charset=UTF-8","vary":"X-Origin, Referer, Origin,Accept-Encoding","date":"Thu, 11 Nov 2021 17:30:08 GMT","server":"ESF","cache-control":"private","x-xss-protection":"0","x-frame-options":"SAMEORIGIN","x-content-type-options":"nosniff","alt-svc":"h3=\":443\"; ma=2592000,h3-29=\":443\"; ma=2592000,h3-Q050=\":443\"; ma=2592000,h3-Q046=\":443\"; ma=2592000,h3-Q043=\":443\"; ma=2592000,quic=\":443\"; ma=2592000; v=\"46,43\"","accept-ranges":"none","transfer-encoding":"chunked"}
[info] i  firebase.storage: checking storage.rules for compilation errors... 
[debug] [2021-11-11T17:30:08.860Z] >>> HTTP REQUEST POST https://firebaserules.googleapis.com/v1/projects/thedojo-c5a97:test  
 {"source":{"files":[{"name":"storage.rules","content":"rules_version = '2';\nservice firebase.storage {\n  match /b/{bucket}/o {\n    match /{allPaths=**} {\n      allow read, write: if request.auth!=null;\n    }\n  }\n}\n"}]}}
[debug] [2021-11-11T17:30:10.907Z] <<< HTTP RESPONSE 200 {"content-type":"application/json; charset=UTF-8","vary":"X-Origin, Referer, Origin,Accept-Encoding","date":"Thu, 11 Nov 2021 17:30:10 GMT","server":"ESF","cache-control":"private","x-xss-protection":"0","x-frame-options":"SAMEORIGIN","x-content-type-options":"nosniff","alt-svc":"h3=\":443\"; ma=2592000,h3-29=\":443\"; ma=2592000,h3-Q050=\":443\"; ma=2592000,h3-Q046=\":443\"; ma=2592000,h3-Q043=\":443\"; ma=2592000,quic=\":443\"; ma=2592000; v=\"46,43\"","accept-ranges":"none","transfer-encoding":"chunked"}
[info] ✔  firebase.storage: rules file storage.rules compiled successfully 
[info] i  firestore: reading indexes from firestore.indexes.json... 
[info] i  cloud.firestore: checking firestore.rules for compilation errors... 
[debug] [2021-11-11T17:30:10.914Z] >>> HTTP REQUEST POST https://firebaserules.googleapis.com/v1/projects/thedojo-c5a97:test  
 {"source":{"files":[{"name":"firestore.rules","content":"rules_version = '2';\nservice cloud.firestore {\n  match /databases/{database}/documents {\n    match /users/{user_id} {\n      allow read,create: if request.auth != null;\n      allow update: if request.auth.uid == user_id;\n    }\n    match /projects/{project_id} {\n      allow read,create, update: if request.auth != null;\n      allow delete: if request.auth.uid == resource.data.createdBy.id;\n    }\n  }\n}"}]}}
